c:\users\sy\documents\ascii\ascii\x64\debug\vc142.pdb
c:\users\sy\documents\ascii\ascii\x64\debug\vc142.idb
c:\users\sy\documents\ascii\ascii\x64\debug\usermanager.obj
c:\users\sy\documents\ascii\ascii\x64\debug\user.obj
c:\users\sy\documents\ascii\ascii\x64\debug\turtle.obj
c:\users\sy\documents\ascii\ascii\x64\debug\pch.obj
c:\users\sy\documents\ascii\ascii\x64\debug\itemmanager.obj
c:\users\sy\documents\ascii\ascii\x64\debug\nerd.obj
c:\users\sy\documents\ascii\ascii\x64\debug\finalboss.obj
c:\users\sy\documents\ascii\ascii\x64\debug\lucy.obj
c:\users\sy\documents\ascii\ascii\x64\debug\juggler.obj
c:\users\sy\documents\ascii\ascii\x64\debug\guitarist.obj
c:\users\sy\documents\ascii\ascii\x64\debug\enemy.obj
c:\users\sy\documents\ascii\ascii\x64\debug\world.obj
c:\users\sy\documents\ascii\ascii\x64\debug\warrior.obj
c:\users\sy\documents\ascii\ascii\x64\debug\sorcerer.obj
c:\users\sy\documents\ascii\ascii\x64\debug\character.obj
c:\users\sy\documents\ascii\ascii\x64\debug\cat.obj
c:\users\sy\documents\ascii\ascii\x64\debug\battlesystem.obj
c:\users\sy\documents\ascii\ascii\x64\debug\ascii.obj
c:\users\sy\documents\ascii\x64\debug\ascii.exe
c:\users\sy\documents\ascii\x64\debug\ascii.ilk
c:\users\sy\documents\ascii\x64\debug\ascii.pdb
c:\users\sy\documents\ascii\ascii\x64\debug\nativecodeanalysis.read.1.tlog
c:\users\sy\documents\ascii\ascii\x64\debug\ascii.nativecodeanalysis.xml
c:\users\sy\documents\ascii\ascii\x64\debug\battlesystem.nativecodeanalysis.xml
c:\users\sy\documents\ascii\ascii\x64\debug\cat.nativecodeanalysis.xml
c:\users\sy\documents\ascii\ascii\x64\debug\character.nativecodeanalysis.xml
c:\users\sy\documents\ascii\ascii\x64\debug\enemy.nativecodeanalysis.xml
c:\users\sy\documents\ascii\ascii\x64\debug\finalboss.nativecodeanalysis.xml
c:\users\sy\documents\ascii\ascii\x64\debug\guitarist.nativecodeanalysis.xml
c:\users\sy\documents\ascii\ascii\x64\debug\itemmanager.nativecodeanalysis.xml
c:\users\sy\documents\ascii\ascii\x64\debug\juggler.nativecodeanalysis.xml
c:\users\sy\documents\ascii\ascii\x64\debug\lucy.nativecodeanalysis.xml
c:\users\sy\documents\ascii\ascii\x64\debug\nerd.nativecodeanalysis.xml
c:\users\sy\documents\ascii\ascii\x64\debug\pch.nativecodeanalysis.xml
c:\users\sy\documents\ascii\ascii\x64\debug\sorcerer.nativecodeanalysis.xml
c:\users\sy\documents\ascii\ascii\x64\debug\turtle.nativecodeanalysis.xml
c:\users\sy\documents\ascii\ascii\x64\debug\user.nativecodeanalysis.xml
c:\users\sy\documents\ascii\ascii\x64\debug\usermanager.nativecodeanalysis.xml
c:\users\sy\documents\ascii\ascii\x64\debug\vc.nativecodeanalysis.all.xml
c:\users\sy\documents\ascii\ascii\x64\debug\warrior.nativecodeanalysis.xml
c:\users\sy\documents\ascii\ascii\x64\debug\world.nativecodeanalysis.xml
c:\users\sy\documents\ascii\x64\debug\ascii.exe.lastcodeanalysissucceeded
c:\users\sy\documents\ascii\ascii\x64\debug\ascii.tlog\cl.command.1.tlog
c:\users\sy\documents\ascii\ascii\x64\debug\ascii.tlog\cl.read.1.tlog
c:\users\sy\documents\ascii\ascii\x64\debug\ascii.tlog\cl.write.1.tlog
c:\users\sy\documents\ascii\ascii\x64\debug\ascii.tlog\link.command.1.tlog
c:\users\sy\documents\ascii\ascii\x64\debug\ascii.tlog\link.read.1.tlog
c:\users\sy\documents\ascii\ascii\x64\debug\ascii.tlog\link.write.1.tlog
